build/app/intermediates/manifest_merge_blame_file/debug/manifest-merger-blame-debug-report.txt
1<?xml version="1.0" encoding="utf-8"?>
2<manifest xmlns:android="http://schemas.android.com/apk/res/android"
3    package="com.app.amikarigor"
4    android:versionCode="1"
5    android:versionName="1.0.0" >
6
7    <uses-sdk
8        android:minSdkVersion="19"
9        android:targetSdkVersion="30" />
10    <!--
11         Flutter needs it to communicate with the running application
12         to allow setting breakpoints, to provide hot reload, etc.
13    -->
14    <uses-permission android:name="android.permission.INTERNET" />
14-->src\debug\AndroidManifest.xml:6:5-66
14-->src\debug\AndroidManifest.xml:6:22-64
15
16    <queries>
16-->src\main\AndroidManifest.xml:3:5-19:13
17
18        <!-- If your app opens https URLs -->
19        <intent>
19-->src\main\AndroidManifest.xml:5:7-8:16
20            <action android:name="android.intent.action.VIEW" />
20-->src\main\AndroidManifest.xml:6:9-61
20-->src\main\AndroidManifest.xml:6:17-58
21
22            <data android:scheme="https" />
22-->src\main\AndroidManifest.xml:7:9-40
22-->src\main\AndroidManifest.xml:7:15-37
23        </intent>
24        <!-- If your app makes calls -->
25        <intent>
25-->src\main\AndroidManifest.xml:10:7-13:16
26            <action android:name="android.intent.action.DIAL" />
26-->src\main\AndroidManifest.xml:11:9-61
26-->src\main\AndroidManifest.xml:11:17-58
27
28            <data android:scheme="tel" />
28-->src\main\AndroidManifest.xml:7:9-40
28-->src\main\AndroidManifest.xml:7:15-37
29        </intent>
30        <!-- If your app emails -->
31        <intent>
31-->src\main\AndroidManifest.xml:15:7-18:16
32            <action android:name="android.intent.action.SEND" />
32-->src\main\AndroidManifest.xml:16:9-61
32-->src\main\AndroidManifest.xml:16:17-58
33
34            <data android:mimeType="*/*" />
34-->src\main\AndroidManifest.xml:7:9-40
35        </intent>
36    </queries>
37
38    <uses-permission android:name="android.permission.ACCESS_NETWORK_STATE" />
38-->[com.google.firebase:firebase-messaging:23.0.0] AndroidManifest.xml:22:5-79
38-->[com.google.firebase:firebase-messaging:23.0.0] AndroidManifest.xml:22:22-76
39    <uses-permission android:name="android.permission.WAKE_LOCK" /> <!-- Required by older versions of Google Play services to create IID tokens -->
39-->[com.google.firebase:firebase-messaging:23.0.0] AndroidManifest.xml:23:5-68
39-->[com.google.firebase:firebase-messaging:23.0.0] AndroidManifest.xml:23:22-65
40    <uses-permission android:name="com.google.android.c2dm.permission.RECEIVE" />
40-->[com.google.firebase:firebase-messaging:23.0.0] AndroidManifest.xml:25:5-82
40-->[com.google.firebase:firebase-messaging:23.0.0] AndroidManifest.xml:25:22-79
41    <uses-permission android:name="com.google.android.finsky.permission.BIND_GET_INSTALL_REFERRER_SERVICE" /> <!-- Include required permissions for Advertising Id -->
41-->[com.google.android.gms:play-services-measurement:20.0.2] AndroidManifest.xml:26:5-110
41-->[com.google.android.gms:play-services-measurement:20.0.2] AndroidManifest.xml:26:22-107
42    <uses-permission android:name="com.google.android.gms.permission.AD_ID" />
42-->[com.google.android.gms:play-services-ads-identifier:18.0.0] AndroidManifest.xml:23:5-79
42-->[com.google.android.gms:play-services-ads-identifier:18.0.0] AndroidManifest.xml:23:22-76
43
44    <application
44-->src\main\AndroidManifest.xml:20:4-62:19
45        android:appComponentFactory="androidx.core.app.CoreComponentFactory"
45-->[androidx.core:core:1.6.0] AndroidManifest.xml:24:18-86
46        android:debuggable="true"
47        android:icon="@mipmap/ic_launcher"
47-->src\main\AndroidManifest.xml:22:9-43
48        android:label="amarkarigor" >
48-->src\main\AndroidManifest.xml:21:9-36
49        <activity
49-->src\main\AndroidManifest.xml:23:9-56:20
50            android:name="com.amarkarigor.amarkarigor.MainActivity"
50-->src\main\AndroidManifest.xml:24:13-41
51            android:configChanges="orientation|keyboardHidden|keyboard|screenSize|smallestScreenSize|locale|layoutDirection|fontScale|screenLayout|density|uiMode"
51-->src\main\AndroidManifest.xml:27:13-163
52            android:hardwareAccelerated="true"
52-->src\main\AndroidManifest.xml:28:13-47
53            android:launchMode="singleTop"
53-->src\main\AndroidManifest.xml:25:13-43
54            android:theme="@style/LaunchTheme"
54-->src\main\AndroidManifest.xml:26:13-47
55            android:windowSoftInputMode="adjustResize" >
55-->src\main\AndroidManifest.xml:29:13-55
56
57            <!--
58                 Specifies an Android theme to apply to this Activity as soon as
59                 the Android process has started. This theme is visible to the user
60                 while the Flutter UI initializes. After that, this theme continues
61                 to determine the Window background behind the Flutter UI.
62            -->
63            <meta-data
63-->src\main\AndroidManifest.xml:34:13-37:17
64                android:name="io.flutter.embedding.android.NormalTheme"
64-->src\main\AndroidManifest.xml:35:15-70
65                android:resource="@style/NormalTheme" />
65-->src\main\AndroidManifest.xml:36:15-52
66            <!--
67                 Displays an Android View that continues showing the launch screen
68                 Drawable until Flutter paints its first frame, then this splash
69                 screen fades out. A splash screen is useful to avoid any visual
70                 gap between the end of Android's launch screen and the painting of
71                 Flutter's first frame.
72            -->
73            <meta-data
73-->src\main\AndroidManifest.xml:43:13-46:17
74                android:name="io.flutter.embedding.android.SplashScreenDrawable"
74-->src\main\AndroidManifest.xml:44:15-79
75                android:resource="@drawable/launch_background" />
75-->src\main\AndroidManifest.xml:45:15-61
76
77            <intent-filter>
77-->src\main\AndroidManifest.xml:47:13-50:29
78                <action android:name="android.intent.action.MAIN" />
78-->src\main\AndroidManifest.xml:48:17-68
78-->src\main\AndroidManifest.xml:48:25-66
79
80                <category android:name="android.intent.category.LAUNCHER" />
80-->src\main\AndroidManifest.xml:49:17-76
80-->src\main\AndroidManifest.xml:49:27-74
81            </intent-filter>
82            <intent-filter>
82-->src\main\AndroidManifest.xml:51:13-54:29
83                <action android:name="FLUTTER_NOTIFICATION_CLICK" />
83-->src\main\AndroidManifest.xml:52:15-67
83-->src\main\AndroidManifest.xml:52:23-64
84
85                <category android:name="android.intent.category.DEFAULT" />
85-->src\main\AndroidManifest.xml:53:15-74
85-->src\main\AndroidManifest.xml:53:25-71
86            </intent-filter>
87        </activity>
88        <!--
89             Don't delete the meta-data below.
90             This is used by the Flutter tool to generate GeneratedPluginRegistrant.java
91        -->
92        <meta-data
92-->src\main\AndroidManifest.xml:59:9-61:33
93            android:name="flutterEmbedding"
93-->src\main\AndroidManifest.xml:60:13-44
94            android:value="2" />
94-->src\main\AndroidManifest.xml:61:13-30
95
96        <service
96-->[:firebase_auth] AndroidManifest.xml:8:9-12:19
97            android:name="com.google.firebase.components.ComponentDiscoveryService"
97-->[:firebase_auth] AndroidManifest.xml:8:18-89
98            android:directBootAware="true"
98-->[com.google.firebase:firebase-common:20.0.0] AndroidManifest.xml:35:13-43
99            android:exported="false" >
99-->[com.google.firebase:firebase-messaging:23.0.0] AndroidManifest.xml:51:13-37
100            <meta-data
100-->[:firebase_auth] AndroidManifest.xml:9:13-11:85
101                android:name="com.google.firebase.components:io.flutter.plugins.firebase.auth.FlutterFirebaseAuthRegistrar"
101-->[:firebase_auth] AndroidManifest.xml:10:17-124
102                android:value="com.google.firebase.components.ComponentRegistrar" />
102-->[:firebase_auth] AndroidManifest.xml:11:17-82
103            <meta-data
103-->[:firebase_database] AndroidManifest.xml:9:13-11:85
104                android:name="com.google.firebase.components:io.flutter.plugins.firebase.database.FlutterFirebaseAppRegistrar"
104-->[:firebase_database] AndroidManifest.xml:10:17-127
105                android:value="com.google.firebase.components.ComponentRegistrar" />
105-->[:firebase_database] AndroidManifest.xml:11:17-82
106            <meta-data
106-->[:firebase_core] AndroidManifest.xml:9:13-11:85
107                android:name="com.google.firebase.components:io.flutter.plugins.firebase.core.FlutterFirebaseCoreRegistrar"
107-->[:firebase_core] AndroidManifest.xml:10:17-124
108                android:value="com.google.firebase.components.ComponentRegistrar" />
108-->[:firebase_core] AndroidManifest.xml:11:17-82
109            <meta-data
109-->[com.google.firebase:firebase-messaging:23.0.0] AndroidManifest.xml:52:13-54:85
110                android:name="com.google.firebase.components:com.google.firebase.messaging.FirebaseMessagingRegistrar"
110-->[com.google.firebase:firebase-messaging:23.0.0] AndroidManifest.xml:53:17-119
111                android:value="com.google.firebase.components.ComponentRegistrar" />
111-->[com.google.firebase:firebase-messaging:23.0.0] AndroidManifest.xml:54:17-82
112            <meta-data
112-->[com.google.firebase:firebase-datatransport:18.0.0] AndroidManifest.xml:28:13-30:85
113                android:name="com.google.firebase.components:com.google.firebase.datatransport.TransportRegistrar"
113-->[com.google.firebase:firebase-datatransport:18.0.0] AndroidManifest.xml:29:17-115
114                android:value="com.google.firebase.components.ComponentRegistrar" />
114-->[com.google.firebase:firebase-datatransport:18.0.0] AndroidManifest.xml:30:17-82
115            <meta-data
115-->[com.google.firebase:firebase-auth:21.0.1] AndroidManifest.xml:77:13-79:85
116                android:name="com.google.firebase.components:com.google.firebase.auth.FirebaseAuthRegistrar"
116-->[com.google.firebase:firebase-auth:21.0.1] AndroidManifest.xml:78:17-109
117                android:value="com.google.firebase.components.ComponentRegistrar" />
117-->[com.google.firebase:firebase-auth:21.0.1] AndroidManifest.xml:79:17-82
118            <meta-data
118-->[com.google.firebase:firebase-database:20.0.3] AndroidManifest.xml:32:13-34:85
119                android:name="com.google.firebase.components:com.google.firebase.database.DatabaseRegistrar"
119-->[com.google.firebase:firebase-database:20.0.3] AndroidManifest.xml:33:17-109
120                android:value="com.google.firebase.components.ComponentRegistrar" />
120-->[com.google.firebase:firebase-database:20.0.3] AndroidManifest.xml:34:17-82
121            <meta-data
121-->[com.google.android.gms:play-services-measurement-api:20.0.2] AndroidManifest.xml:30:13-32:85
122                android:name="com.google.firebase.components:com.google.firebase.analytics.connector.internal.AnalyticsConnectorRegistrar"
122-->[com.google.android.gms:play-services-measurement-api:20.0.2] AndroidManifest.xml:31:17-139
123                android:value="com.google.firebase.components.ComponentRegistrar" />
123-->[com.google.android.gms:play-services-measurement-api:20.0.2] AndroidManifest.xml:32:17-82
124            <meta-data
124-->[com.google.firebase:firebase-installations:17.0.0] AndroidManifest.xml:18:13-20:85
125                android:name="com.google.firebase.components:com.google.firebase.installations.FirebaseInstallationsRegistrar"
125-->[com.google.firebase:firebase-installations:17.0.0] AndroidManifest.xml:19:17-127
126                android:value="com.google.firebase.components.ComponentRegistrar" />
126-->[com.google.firebase:firebase-installations:17.0.0] AndroidManifest.xml:20:17-82
127        </service>
128
129        <activity
129-->[:url_launcher_android] AndroidManifest.xml:8:9-11:74
130            android:name="io.flutter.plugins.urllauncher.WebViewActivity"
130-->[:url_launcher_android] AndroidManifest.xml:9:13-74
131            android:exported="false"
131-->[:url_launcher_android] AndroidManifest.xml:10:13-37
132            android:theme="@android:style/Theme.NoTitleBar.Fullscreen" />
132-->[:url_launcher_android] AndroidManifest.xml:11:13-71
133
134        <uses-library
134-->[androidx.window:window:1.0.0-beta04] AndroidManifest.xml:25:9-27:40
135            android:name="androidx.window.extensions"
135-->[androidx.window:window:1.0.0-beta04] AndroidManifest.xml:26:13-54
136            android:required="false" />
136-->[androidx.window:window:1.0.0-beta04] AndroidManifest.xml:27:13-37
137        <uses-library
137-->[androidx.window:window:1.0.0-beta04] AndroidManifest.xml:28:9-30:40
138            android:name="androidx.window.sidecar"
138-->[androidx.window:window:1.0.0-beta04] AndroidManifest.xml:29:13-51
139            android:required="false" />
139-->[androidx.window:window:1.0.0-beta04] AndroidManifest.xml:30:13-37
140
141        <receiver
141-->[com.google.firebase:firebase-messaging:23.0.0] AndroidManifest.xml:28:9-35:20
142            android:name="com.google.firebase.iid.FirebaseInstanceIdReceiver"
142-->[com.google.firebase:firebase-messaging:23.0.0] AndroidManifest.xml:29:13-78
143            android:exported="true"
143-->[com.google.firebase:firebase-messaging:23.0.0] AndroidManifest.xml:30:13-36
144            android:permission="com.google.android.c2dm.permission.SEND" >
144-->[com.google.firebase:firebase-messaging:23.0.0] AndroidManifest.xml:31:13-73
145            <intent-filter>
145-->[com.google.firebase:firebase-messaging:23.0.0] AndroidManifest.xml:32:13-34:29
146                <action android:name="com.google.android.c2dm.intent.RECEIVE" />
146-->[com.google.firebase:firebase-messaging:23.0.0] AndroidManifest.xml:33:17-81
146-->[com.google.firebase:firebase-messaging:23.0.0] AndroidManifest.xml:33:25-78
147            </intent-filter>
148        </receiver>
149        <!--
150             FirebaseMessagingService performs security checks at runtime,
151             but set to not exported to explicitly avoid allowing another app to call it.
152        -->
153        <service
153-->[com.google.firebase:firebase-messaging:23.0.0] AndroidManifest.xml:41:9-48:19
154            android:name="com.google.firebase.messaging.FirebaseMessagingService"
154-->[com.google.firebase:firebase-messaging:23.0.0] AndroidManifest.xml:42:13-82
155            android:directBootAware="true"
155-->[com.google.firebase:firebase-messaging:23.0.0] AndroidManifest.xml:43:13-43
156            android:exported="false" >
156-->[com.google.firebase:firebase-messaging:23.0.0] AndroidManifest.xml:44:13-37
157            <intent-filter android:priority="-500" >
157-->[com.google.firebase:firebase-messaging:23.0.0] AndroidManifest.xml:45:13-47:29
157-->[com.google.firebase:firebase-messaging:23.0.0] AndroidManifest.xml:45:28-51
158                <action android:name="com.google.firebase.MESSAGING_EVENT" />
158-->[com.google.firebase:firebase-messaging:23.0.0] AndroidManifest.xml:46:17-78
158-->[com.google.firebase:firebase-messaging:23.0.0] AndroidManifest.xml:46:25-75
159            </intent-filter>
160        </service>
161        <service
161-->[com.google.android.datatransport:transport-backend-cct:3.0.0] AndroidManifest.xml:29:9-35:19
162            android:name="com.google.android.datatransport.runtime.backends.TransportBackendDiscovery"
162-->[com.google.android.datatransport:transport-backend-cct:3.0.0] AndroidManifest.xml:30:13-103
163            android:exported="false" >
163-->[com.google.android.datatransport:transport-backend-cct:3.0.0] AndroidManifest.xml:31:13-37
164            <meta-data
164-->[com.google.android.datatransport:transport-backend-cct:3.0.0] AndroidManifest.xml:32:13-34:39
165                android:name="backend:com.google.android.datatransport.cct.CctBackendFactory"
165-->[com.google.android.datatransport:transport-backend-cct:3.0.0] AndroidManifest.xml:33:17-94
166                android:value="cct" />
166-->[com.google.android.datatransport:transport-backend-cct:3.0.0] AndroidManifest.xml:34:17-36
167        </service>
168
169        <activity
169-->[com.google.firebase:firebase-auth:21.0.1] AndroidManifest.xml:27:9-44:20
170            android:name="com.google.firebase.auth.internal.GenericIdpActivity"
170-->[com.google.firebase:firebase-auth:21.0.1] AndroidManifest.xml:28:13-80
171            android:excludeFromRecents="true"
171-->[com.google.firebase:firebase-auth:21.0.1] AndroidManifest.xml:29:13-46
172            android:exported="true"
172-->[com.google.firebase:firebase-auth:21.0.1] AndroidManifest.xml:30:13-36
173            android:launchMode="singleTask"
173-->[com.google.firebase:firebase-auth:21.0.1] AndroidManifest.xml:31:13-44
174            android:theme="@android:style/Theme.Translucent.NoTitleBar" >
174-->[com.google.firebase:firebase-auth:21.0.1] AndroidManifest.xml:32:13-72
175            <intent-filter>
175-->[com.google.firebase:firebase-auth:21.0.1] AndroidManifest.xml:33:13-43:29
176                <action android:name="android.intent.action.VIEW" />
176-->src\main\AndroidManifest.xml:6:9-61
176-->src\main\AndroidManifest.xml:6:17-58
177
178                <category android:name="android.intent.category.DEFAULT" />
178-->src\main\AndroidManifest.xml:53:15-74
178-->src\main\AndroidManifest.xml:53:25-71
179                <category android:name="android.intent.category.BROWSABLE" />
179-->[com.google.firebase:firebase-auth:21.0.1] AndroidManifest.xml:37:17-78
179-->[com.google.firebase:firebase-auth:21.0.1] AndroidManifest.xml:37:27-75
180
181                <data
181-->src\main\AndroidManifest.xml:7:9-40
182                    android:host="firebase.auth"
183                    android:path="/"
184                    android:scheme="genericidp" />
184-->src\main\AndroidManifest.xml:7:15-37
185            </intent-filter>
186        </activity>
187        <activity
187-->[com.google.firebase:firebase-auth:21.0.1] AndroidManifest.xml:45:9-62:20
188            android:name="com.google.firebase.auth.internal.RecaptchaActivity"
188-->[com.google.firebase:firebase-auth:21.0.1] AndroidManifest.xml:46:13-79
189            android:excludeFromRecents="true"
189-->[com.google.firebase:firebase-auth:21.0.1] AndroidManifest.xml:47:13-46
190            android:exported="true"
190-->[com.google.firebase:firebase-auth:21.0.1] AndroidManifest.xml:48:13-36
191            android:launchMode="singleTask"
191-->[com.google.firebase:firebase-auth:21.0.1] AndroidManifest.xml:49:13-44
192            android:theme="@android:style/Theme.Translucent.NoTitleBar" >
192-->[com.google.firebase:firebase-auth:21.0.1] AndroidManifest.xml:50:13-72
193            <intent-filter>
193-->[com.google.firebase:firebase-auth:21.0.1] AndroidManifest.xml:51:13-61:29
194                <action android:name="android.intent.action.VIEW" />
194-->src\main\AndroidManifest.xml:6:9-61
194-->src\main\AndroidManifest.xml:6:17-58
195
196                <category android:name="android.intent.category.DEFAULT" />
196-->src\main\AndroidManifest.xml:53:15-74
196-->src\main\AndroidManifest.xml:53:25-71
197                <category android:name="android.intent.category.BROWSABLE" />
197-->[com.google.firebase:firebase-auth:21.0.1] AndroidManifest.xml:37:17-78
197-->[com.google.firebase:firebase-auth:21.0.1] AndroidManifest.xml:37:27-75
198
199                <data
199-->src\main\AndroidManifest.xml:7:9-40
200                    android:host="firebase.auth"
201                    android:path="/"
202                    android:scheme="recaptcha" />
202-->src\main\AndroidManifest.xml:7:15-37
203            </intent-filter>
204        </activity>
205
206        <service
206-->[com.google.firebase:firebase-auth:21.0.1] AndroidManifest.xml:64:9-73:19
207            android:name="com.google.firebase.auth.api.fallback.service.FirebaseAuthFallbackService"
207-->[com.google.firebase:firebase-auth:21.0.1] AndroidManifest.xml:65:13-101
208            android:enabled="true"
208-->[com.google.firebase:firebase-auth:21.0.1] AndroidManifest.xml:66:13-35
209            android:exported="false" >
209-->[com.google.firebase:firebase-auth:21.0.1] AndroidManifest.xml:67:13-37
210            <intent-filter>
210-->[com.google.firebase:firebase-auth:21.0.1] AndroidManifest.xml:68:13-72:29
211                <action android:name="com.google.firebase.auth.api.gms.service.START" />
211-->[com.google.firebase:firebase-auth:21.0.1] AndroidManifest.xml:69:17-89
211-->[com.google.firebase:firebase-auth:21.0.1] AndroidManifest.xml:69:25-86
212
213                <category android:name="android.intent.category.DEFAULT" />
213-->src\main\AndroidManifest.xml:53:15-74
213-->src\main\AndroidManifest.xml:53:25-71
214            </intent-filter>
215        </service>
216
217        <provider
217-->[com.google.firebase:firebase-common:20.0.0] AndroidManifest.xml:26:9-31:39
218            android:name="com.google.firebase.provider.FirebaseInitProvider"
218-->[com.google.firebase:firebase-common:20.0.0] AndroidManifest.xml:27:13-77
219            android:authorities="com.app.amikarigor.firebaseinitprovider"
219-->[com.google.firebase:firebase-common:20.0.0] AndroidManifest.xml:28:13-72
220            android:directBootAware="true"
220-->[com.google.firebase:firebase-common:20.0.0] AndroidManifest.xml:29:13-43
221            android:exported="false"
221-->[com.google.firebase:firebase-common:20.0.0] AndroidManifest.xml:30:13-37
222            android:initOrder="100" />
222-->[com.google.firebase:firebase-common:20.0.0] AndroidManifest.xml:31:13-36
223
224        <service
224-->[com.google.android.datatransport:transport-runtime:3.0.0] AndroidManifest.xml:26:9-30:19
225            android:name="com.google.android.datatransport.runtime.scheduling.jobscheduling.JobInfoSchedulerService"
225-->[com.google.android.datatransport:transport-runtime:3.0.0] AndroidManifest.xml:27:13-117
226            android:exported="false"
226-->[com.google.android.datatransport:transport-runtime:3.0.0] AndroidManifest.xml:28:13-37
227            android:permission="android.permission.BIND_JOB_SERVICE" >
227-->[com.google.android.datatransport:transport-runtime:3.0.0] AndroidManifest.xml:29:13-69
228        </service>
229
230        <receiver
230-->[com.google.android.datatransport:transport-runtime:3.0.0] AndroidManifest.xml:32:9-34:40
231            android:name="com.google.android.datatransport.runtime.scheduling.jobscheduling.AlarmManagerSchedulerBroadcastReceiver"
231-->[com.google.android.datatransport:transport-runtime:3.0.0] AndroidManifest.xml:33:13-132
232            android:exported="false" />
232-->[com.google.android.datatransport:transport-runtime:3.0.0] AndroidManifest.xml:34:13-37
233
234        <activity
234-->[com.google.android.gms:play-services-base:17.1.0] AndroidManifest.xml:23:9-26:75
235            android:name="com.google.android.gms.common.api.GoogleApiActivity"
235-->[com.google.android.gms:play-services-base:17.1.0] AndroidManifest.xml:24:13-79
236            android:exported="false"
236-->[com.google.android.gms:play-services-base:17.1.0] AndroidManifest.xml:25:13-37
237            android:theme="@android:style/Theme.Translucent.NoTitleBar" />
237-->[com.google.android.gms:play-services-base:17.1.0] AndroidManifest.xml:26:13-72
238
239        <receiver
239-->[com.google.android.gms:play-services-measurement:20.0.2] AndroidManifest.xml:29:9-33:20
240            android:name="com.google.android.gms.measurement.AppMeasurementReceiver"
240-->[com.google.android.gms:play-services-measurement:20.0.2] AndroidManifest.xml:30:13-85
241            android:enabled="true"
241-->[com.google.android.gms:play-services-measurement:20.0.2] AndroidManifest.xml:31:13-35
242            android:exported="false" >
242-->[com.google.android.gms:play-services-measurement:20.0.2] AndroidManifest.xml:32:13-37
243        </receiver>
244
245        <service
245-->[com.google.android.gms:play-services-measurement:20.0.2] AndroidManifest.xml:35:9-38:40
246            android:name="com.google.android.gms.measurement.AppMeasurementService"
246-->[com.google.android.gms:play-services-measurement:20.0.2] AndroidManifest.xml:36:13-84
247            android:enabled="true"
247-->[com.google.android.gms:play-services-measurement:20.0.2] AndroidManifest.xml:37:13-35
248            android:exported="false" />
248-->[com.google.android.gms:play-services-measurement:20.0.2] AndroidManifest.xml:38:13-37
249        <service
249-->[com.google.android.gms:play-services-measurement:20.0.2] AndroidManifest.xml:39:9-43:72
250            android:name="com.google.android.gms.measurement.AppMeasurementJobService"
250-->[com.google.android.gms:play-services-measurement:20.0.2] AndroidManifest.xml:40:13-87
251            android:enabled="true"
251-->[com.google.android.gms:play-services-measurement:20.0.2] AndroidManifest.xml:41:13-35
252            android:exported="false"
252-->[com.google.android.gms:play-services-measurement:20.0.2] AndroidManifest.xml:42:13-37
253            android:permission="android.permission.BIND_JOB_SERVICE" />
253-->[com.google.android.gms:play-services-measurement:20.0.2] AndroidManifest.xml:43:13-69
254
255        <meta-data
255-->[com.google.android.gms:play-services-basement:18.0.0] AndroidManifest.xml:21:9-23:69
256            android:name="com.google.android.gms.version"
256-->[com.google.android.gms:play-services-basement:18.0.0] AndroidManifest.xml:22:13-58
257            android:value="@integer/google_play_services_version" />
257-->[com.google.android.gms:play-services-basement:18.0.0] AndroidManifest.xml:23:13-66
258    </application>
259
260</manifest>